
 MoonLoader v.027.0-preview3 loaded.
 Developers: FYP, hnnssy, EvgeN 1137

 Copyright (c) 2016, BlastHack Team
 http://blast.hk/moonloader/

[22:21:59.689797] (debug)	Module handle: 0x642f0000
[22:21:59.690797] (info)	Working directory: D:\modpack_iarna_2024\moonloader
[22:21:59.690797] (debug)	FP Control: 0x0009001F
[22:21:59.690797] (debug)	Windows: 10.0.19045 2
[22:21:59.690797] (debug)	Game: GTA SA 1.0 US 'HoodLum'
[22:21:59.690797] (system)	Installing pre-game hooks...
[22:21:59.692795] (system)	Hooks installed.
[22:22:01.032895] (debug)	Opcode handler table: 0x64c6e9b8
[22:22:01.033896] (debug)	LUA_PATH = D:\modpack_iarna_2024\moonloader\libstd\?.lua;D:\modpack_iarna_2024\moonloader\libstd\?\init.lua;D:\modpack_iarna_2024\moonloader\lib\?.lua;D:\modpack_iarna_2024\moonloader\lib\?.luac;D:\modpack_iarna_2024\moonloader\lib\?\init.lua;D:\modpack_iarna_2024\moonloader\lib\?\init.luac
[22:22:01.033896] (debug)	LUA_CPATH = D:\modpack_iarna_2024\moonloader\libstd\?.dll;D:\modpack_iarna_2024\moonloader\lib\?.dll
[22:22:01.066898] (system)	Loading script "D:\modpack_iarna_2024\moonloader\HassleHUD.luac"...	(id:1)
[22:22:01.087900] (system)	HassleHUD: Loaded successfully.
[22:22:01.087900] (system)	Loading script "D:\modpack_iarna_2024\moonloader\reload_all.lua"...	(id:2)
[22:22:01.092900] (system)	reload_all.lua: Loaded successfully.
[22:22:01.969964] (system)	Installing post-load hooks...
[22:22:01.969964] (system)	Hooks installed.
