Starting fastman92 limit adjuster 6.5, compilation time: May 14 2022 15:55:55 (UTC)
Website: http://fastman92.com

Launch time: 10-12-2023 11:01:16 (UTC), 13:01 (local)
Launched during the day.

Solution platform: WIN_X86
FASTMAN92_LIMIT_ADJUSTER_RELEASE_DIRECTORY is not defined. Documentation files will not be written.
Game detected: GTA SA 1.0 US HOODLUM 14383616 bytes
Game uses dynamic image base? No
Game preferred image base: 0x400000
Game current image base: 0x400000

Number of FLA modules: 70
Delayed processing of limits? No

Root base directory: 
Root directory: D:\modpack_iarna_2024
Initial directory: D:\modpack_iarna_2024
INI filename: fastman92limitAdjuster_GTASA.ini

Global exception handler has been registered.
---------------------------------------------
---------------------------------------------
Modified limit of IDE:2DFX section to 10000
---------------------------------------------
Streaming memory available limit set to 2147483648 bytes (2048 MB)
---------------------------------------------
Modified limit of 'Max number of stream handles' to: 64
---------------------------------------------
Modified limit of RENDERER: Invisible entity pointers to: 300
---------------------------------------------
Modified limit of RENDERER: Visible super LOD pointers to: 100
---------------------------------------------
Modified limit of RENDERER: Visible LOD pointers to: 2000
---------------------------------------------
Modified limit of RENDERER: Visible entity pointers to: 2000
---------------------------------------------
Error reporting going to be applied.
GTA_ERROR_ATTEMPT_TO_LOAD_OBJECT_INSTANCE_WITH_UNDEFINED_ID enabled.
GTA_ERROR_MODEL_DOES_NOT_HAVE_COLLISION_LOADED enabled.
GTA_ERROR_CAR_GENERATOR_WITH_INVALID_MODEL_ID_IS_GETTING_REGISTERED enabled.
GTA_ERROR_IMG_ARCHIVE_NEEDS_REBUILDING enabled.
GTA_ERROR_STREAM_HANDLES_LIMIT_EXCEEDED enabled.
Error reporting is applied now.
---------------------------------------------
---------------------------------------------
FLA loading text is disabled.
---------------------------------------------
Number of memory changes made: 72
---------------------------------------------

Game has crashed, here's a crash log:
Current process ID: 6892
Current thread ID: 16112
Last file to be loaded: cursor.png
Last library loaded: C:\Windows\system32\user32.dll
Exception address: 0x69211416 (Error: snapshot = INVALID_HANDLE_VALUE)
Exception code: 0xC0000005 (EXCEPTION_ACCESS_VIOLATION)
Inaccessible memory address: 0x0

General registers:
EAX: 0x00000000 (0)
EBX: 0x1BE56FD8 (468021208)
ECX: 0x00000000 (0)
EDX: 0x6E39A580 (1849271680)
ESI: 0x00000000 (0)
EDI: 0x00000000 (0)
EBP: 0x626AD040 (1651167296)
ESP: 0x0177F808 (24639496)
EIP: 0x69211416 (1763775510) [Error: snapshot = INVALID_HANDLE_VALUE]
EFL: 0x00010246 (66118)

Segment registers:
CS: 0023
DS: 002B
ES: 002B
FS: 0053
GS: 002B
SS: 002B

FPU registers:
ST0: -nan bytes: 9D 50 4F 9A 9D 50 4F 9A FF FF
ST1: -nan(ind) bytes: EF 00 7A 00 7A 00 C8 00 FF FF
ST2: -nan(ind) bytes: 27 00 14 00 13 00 3F 00 FF FF
ST3: -nan(ind) bytes: AE 00 59 00 57 00 B1 00 FF FF
ST4: -nan(ind) bytes: 9D 00 50 00 4F 00 9A 00 FF FF
ST5: 16.000000 bytes: 00 00 00 00 00 00 00 80 03 40
ST6: 16.000000 bytes: 00 00 00 00 00 00 00 80 03 40
ST7: 16.000000 bytes: 00 00 00 00 00 00 00 80 03 40
CTRL: 007F
STAT: 4032
TAGS: FFFF

MMX registers, 8 bytes:
MM0: 9D 50 4F 9A 9D 50 4F 9A
MM1: EF 00 7A 00 7A 00 C8 00
MM2: 27 00 14 00 13 00 3F 00
MM3: AE 00 59 00 57 00 B1 00
MM4: 9D 00 50 00 4F 00 9A 00
MM5: 00 00 00 00 00 00 00 80
MM6: 00 00 00 00 00 00 00 80
MM7: 00 00 00 00 00 00 00 80

XMM registers, 16 bytes:
XMM0: 00 00 00 00 00 00 00 00 00 00 00 00 00 00 00 00
XMM1: 00 00 00 00 00 00 00 00 00 00 00 00 00 00 00 00
XMM2: 00 00 00 00 00 00 00 00 00 00 00 00 00 00 00 00
XMM3: 00 00 00 00 00 00 00 00 00 00 00 00 00 00 00 00
XMM4: 00 00 00 00 00 00 00 00 00 00 00 00 00 00 00 00
XMM5: 00 00 00 00 00 00 00 00 00 00 00 00 00 00 00 00
XMM6: 00 00 00 00 00 00 00 00 00 00 00 00 00 00 00 00
XMM7: 00 00 00 00 00 00 00 00 00 00 00 00 00 00 00 00

Stack (printing from 0x177F808):
+0x000  00 6D BD 01  C4 F8 77 01  64 71 BD 01  34 03 00 00
+0x010  C4 F8 77 FF  00 B6 30 69  D8 6F E5 1B  FF 1F 0A FF
+0x020  40 D0 6A 62  40 D0 6A 62  00 00 00 00  00 00 00 00
+0x030  63 16 0A AE  05 00 00 00  0C 00 00 00  00 0A 00 00
+0x040  40 D0 6A 62  61 01 00 00  0D 00 00 00  66 01 00 00
+0x050  19 00 00 00  00 00 00 00  00 00 00 00  FF 04 00 00
+0x060  FF 04 00 00  28 00 00 00  00 05 00 00  00 FB FF FF
+0x070  01 00 20 00  00 00 00 00  00 00 00 00  00 00 00 00
+0x080  00 00 00 00  00 00 00 00  00 00 00 00  FF FF FF FF
+0x090  CC 45 1F 69  50 DC 12 0F  00 B6 30 69  A1 1D 1F 69
+0x0A0  50 DC 12 0F  00 B6 30 69  64 71 BD 01  58 71 BD 01
+0x0B0  7C FA 77 01  51 A8 2B 69  00 00 00 00  29 00 00 00
+0x0C0  53 EC 20 69  50 DC 12 0F  00 B6 30 69  00 00 00 00
+0x0D0  DB 38 21 69  58 F9 77 01  78 C0 C9 00  F6 FF CD 03
+0x0E0  50 DC 12 0F  40 C0 C9 00  78 C0 C9 00  CD 86 7F 00
+0x0F0  70 69 33 04  40 C0 C9 00  2B 00 00 00  0A 00 00 00
+0x100  74 F9 77 01  29 00 00 00  0A 00 00 00  50 F9 77 01
+0x110  6B 4F D6 75  00 2C 16 02  80 07 00 00  38 04 00 00
+0x120  23 00 00 00  01 00 00 00  00 00 00 00  00 00 00 00
+0x130  02 00 00 00  70 0B 0E 00  00 00 00 00  01 00 00 00

base: 0x1580000   top: 0x177F808   bottom: 0x1780000

Module list
; Path	Module file size		Base	Size of image	Entry point
D:\modpack_iarna_2024\gta_sa.exe	14383616	0x00400000	0x01177000	0x00824570
C:\Windows\SYSTEM32\ntdll.dll	1700424	0x772B0000	0x001A4000	0x00000000
C:\Windows\System32\KERNEL32.DLL	642000	0x77020000	0x000F0000	0x7703F8E0
C:\Windows\System32\KERNELBASE.dll	2337720	0x75750000	0x0023A000	0x7586F7B0
C:\Windows\SYSTEM32\apphelp.dll	639488	0x74110000	0x0009F000	0x741488E0
C:\Windows\SYSTEM32\AcLayers.DLL	384000	0x73E60000	0x00285000	0x73E7D5C0
C:\Windows\System32\msvcrt.dll	776448	0x76B60000	0x000BF000	0x76B95AC0
C:\Windows\System32\USER32.dll	1682280	0x75D30000	0x0019C000	0x75D6CC50
C:\Windows\System32\win32u.dll	94152	0x76740000	0x00018000	0x00000000
C:\Windows\System32\GDI32.dll	142160	0x76DD0000	0x00024000	0x76DD75D0
C:\Windows\System32\gdi32full.dll	945832	0x75AC0000	0x000E8000	0x75B23C70
C:\Windows\System32\msvcp_win.dll	496920	0x75A40000	0x0007B000	0x75A57800
C:\Windows\System32\ucrtbase.dll	1182408	0x77180000	0x00120000	0x771ABA30
C:\Windows\System32\SHELL32.dll	6018952	0x75150000	0x005B7000	0x752CBFA0
C:\Windows\System32\SHLWAPI.dll	276872	0x76CB0000	0x00045000	0x76CC7890
C:\Windows\System32\OLEAUT32.dll	607944	0x76260000	0x00096000	0x76296020
C:\Windows\System32\combase.dll	2633616	0x76760000	0x00280000	0x7689B810
C:\Windows\System32\RPCRT4.dll	779952	0x76130000	0x000BF000	0x7616D350
C:\Windows\System32\SETUPAPI.dll	4455456	0x76300000	0x00438000	0x7632F790
C:\Windows\System32\cfgmgr32.dll	239648	0x75710000	0x0003B000	0x7571CC10
C:\Windows\System32\bcrypt.dll	97744	0x77160000	0x00019000	0x771693E0
C:\Windows\SYSTEM32\MPR.dll	94568	0x73E40000	0x00019000	0x73E43540
C:\Windows\SYSTEM32\sfc.dll	12360	0x66680000	0x00003000	0x00000000
C:\Windows\SYSTEM32\WINSPOOL.DRV	491520	0x73DC0000	0x0007D000	0x73DD9EE0
C:\Windows\System32\shcore.dll	546016	0x75BB0000	0x00087000	0x75BF2480
C:\Windows\SYSTEM32\sfc_os.DLL	54288	0x73DB0000	0x00010000	0x73DB5DD0
C:\Windows\System32\IMM32.DLL	144256	0x759F0000	0x00025000	0x759F4410
C:\Windows\System32\WS2_32.dll	399848	0x761F0000	0x00063000	0x761F4B40
D:\modpack_iarna_2024\vorbisfile.dll	53760	0x746C0000	0x00011000	0x746C197B
C:\Windows\System32\ADVAPI32.dll	500616	0x76E00000	0x0007C000	0x76E12450
D:\modpack_iarna_2024\EAX.DLL	188416	0x10000000	0x00030000	0x1001A472
C:\Windows\SYSTEM32\WINMM.dll	150352	0x75100000	0x00028000	0x751055B0
C:\Windows\System32\ole32.dll	929296	0x76F30000	0x000E3000	0x76F5C9E0
C:\Windows\System32\sechost.dll	477848	0x760B0000	0x00076000	0x760D0D70
D:\modpack_iarna_2024\samp.dll	2199552	0x03C70000	0x00330000	0x03F8DF13
C:\Windows\System32\PSAPI.DLL	18104	0x769E0000	0x00006000	0x769E14D0
C:\Windows\WinSxS\x86_microsoft.windows.common-controls_6595b64144ccf1df_5.82.19041.3636_none_c0df324c38bbc0ce\COMCTL32.dll	569200	0x74600000	0x0008D000	0x74667340
C:\Windows\SYSTEM32\WSOCK32.dll	16384	0x74690000	0x00008000	0x74691620
D:\modpack_iarna_2024\BASS.dll	139128	0x745B0000	0x0004D000	0x745FC004
C:\Windows\SYSTEM32\MSACM32.dll	93472	0x68A40000	0x00019000	0x68A44420
C:\Windows\SYSTEM32\winmmbase.dll	110720	0x68A20000	0x0001D000	0x68A33850
D:\modpack_iarna_2024\d3dx9_25.dll	2337488	0x03FA0000	0x00253000	0x041A9E9C
C:\Windows\system32\usp10.dll	77824	0x746A0000	0x00017000	0x00000000
D:\modpack_iarna_2024\vorbishooked.DLL	65536	0x000D0000	0x00011000	0x000D4C98
D:\modpack_iarna_2024\vorbis.dll	1060864	0x01860000	0x00108000	0x01873F7C
D:\modpack_iarna_2024\ogg.dll	36864	0x000F0000	0x00009000	0x000F302E
C:\Windows\SYSTEM32\CRYPTSP.dll	69384	0x742C0000	0x00013000	0x742C5D30
C:\Windows\system32\rsaenh.dll	185984	0x70F00000	0x0002F000	0x70F0CB30
C:\Windows\SYSTEM32\USERENV.dll	142088	0x74F00000	0x00025000	0x74F086D0
C:\Windows\SYSTEM32\profapi.dll	108488	0x74EE0000	0x0001C000	0x74EEA840
C:\Windows\System32\bcryptprimitives.dll	384440	0x75990000	0x0005F000	0x759C36C0
C:\Windows\System32\CRYPT32.dll	1035192	0x75F50000	0x000FF000	0x75FA58F0
C:\Windows\SYSTEM32\DPAPI.dll	13312	0x6E710000	0x00008000	0x6E711DC0
C:\Windows\SYSTEM32\CRYPTBASE.dll	32600	0x74100000	0x0000A000	0x74102A60
D:\modpack_iarna_2024\$fastman92limitAdjuster.asi	11247616	0x69A60000	0x00AC4000	0x69B69717
D:\modpack_iarna_2024\zlib1.dll	107520	0x62E80000	0x00022000	0x62E81440
D:\modpack_iarna_2024\DllTricks.dll	33792	0x745A0000	0x0000D000	0x745A147F
D:\modpack_iarna_2024\MinHook.x86.dll	14848	0x74590000	0x00007000	0x00000000
D:\modpack_iarna_2024\ChangeSkin.asi	6144	0x74580000	0x0000A000	0x74588D90
D:\modpack_iarna_2024\MSVCR120.dll	970912	0x74370000	0x000EE000	0x74381A44
D:\modpack_iarna_2024\CLEO.asi	325120	0x74500000	0x0007A000	0x745156CE
D:\modpack_iarna_2024\cleo\FileSystemOperations.cleo	98304	0x744E0000	0x0001C000	0x744E1A5A
D:\modpack_iarna_2024\cleo\IniFiles.cleo	110080	0x744C0000	0x0001F000	0x744C1971
D:\modpack_iarna_2024\cleo\IntOperations.cleo	76800	0x74350000	0x00017000	0x743516A4
D:\modpack_iarna_2024\crashes.asi	285696	0x74300000	0x0004A000	0x74310C09
C:\Windows\SYSTEM32\urlmon.dll	1685504	0x718C0000	0x001A9000	0x71943E60
C:\Windows\SYSTEM32\WININET.dll	4510208	0x6DE90000	0x00455000	0x6E1C1EE0
C:\Windows\SYSTEM32\srvcli.dll	78024	0x71660000	0x0001D000	0x71664CC0
C:\Windows\SYSTEM32\iertutil.dll	2313448	0x71680000	0x00236000	0x71844980
C:\Windows\SYSTEM32\netutils.dll	38256	0x74480000	0x0000B000	0x74482D00
D:\modpack_iarna_2024\fix.black_roads.asi	7168	0x742F0000	0x00006000	0x742F1532
C:\Windows\SYSTEM32\MSVCR100.dll	773968	0x6A6E0000	0x000BF000	0x6A6F1DFC
D:\modpack_iarna_2024\fixes.asi	174592	0x6F070000	0x00030000	0x6F078D60
D:\modpack_iarna_2024\FogDistance.asi	9728	0x742E0000	0x00006000	0x742E1469
C:\Windows\SYSTEM32\VCRUNTIME140.dll	91240	0x70540000	0x00015000	0x7054F250
D:\modpack_iarna_2024\ImprovedStreaming.SA.asi	332584	0x6F010000	0x00054000	0x6F025C8D
C:\Windows\SYSTEM32\kernel.appcore.dll	53864	0x750B0000	0x0000F000	0x750B47E0
D:\modpack_iarna_2024\modloader.asi	699392	0x6A620000	0x000B1000	0x6A673D89
D:\modpack_iarna_2024\dbghelp.dll	1080656	0x69930000	0x00121000	0x6999B491
D:\modpack_iarna_2024\MoonLoader.asi	1729536	0x69780000	0x001AF000	0x698BF632
D:\modpack_iarna_2024\lua51.dll	391680	0x6E6A0000	0x00063000	0x6E6F5C45
D:\modpack_iarna_2024\d3dx9_43.dll	1998168	0x69580000	0x001FF000	0x6973EC0D
C:\Windows\SYSTEM32\MSVCP140.dll	447056	0x70560000	0x0006D000	0x7059C390
D:\modpack_iarna_2024\radarrect.asi	63488	0x6EFF0000	0x00013000	0x6EFF1DFE
D:\modpack_iarna_2024\RefreshRateFixByDarkP1xel32.ASI	75264	0x6E660000	0x00033000	0x6E6912A0
D:\modpack_iarna_2024\samp-discord-plugin.asi	74752	0x6A5D0000	0x0004D000	0x6A5DAB6A
D:\modpack_iarna_2024\SAMP.asi	765952	0x059D0000	0x003B1000	0x05A32D79
C:\Windows\SYSTEM32\VERSION.dll	28424	0x74E60000	0x00008000	0x74E61800
C:\Windows\SYSTEM32\d3d9.dll	1619752	0x693F0000	0x0018F000	0x69468760
C:\Windows\SYSTEM32\dwmapi.dll	140120	0x738E0000	0x00026000	0x738E6050
C:\Windows\SYSTEM32\windows.storage.dll	6402576	0x74710000	0x00613000	0x748ECE50
C:\Windows\SYSTEM32\Wldp.dll	144208	0x746E0000	0x00024000	0x746E8960
D:\modpack_iarna_2024\sampfuncs.asi	553984	0x691E0000	0x00208000	0x693E27A0
D:\modpack_iarna_2024\_chat.asi	926208	0x690F0000	0x000E5000	0x69190CBE
C:\Windows\SYSTEM32\WINHTTP.dll	824448	0x6EE30000	0x000CA000	0x6EE7F170
C:\Windows\SYSTEM32\SspiCli.dll	125560	0x74200000	0x00021000	0x7420CCD0
D:\modpack_iarna_2024\_dialogs.asi	762368	0x69030000	0x000BE000	0x69089B7C
C:\Windows\SYSTEM32\ondemandconnroutehelper.dll	56832	0x736E0000	0x00012000	0x736E4620
C:\Windows\system32\mswsock.dll	325608	0x73080000	0x00052000	0x7308A0A0
C:\Windows\SYSTEM32\IPHLPAPI.DLL	197856	0x73510000	0x00032000	0x7351C340
C:\Windows\SYSTEM32\WINNSI.DLL	29544	0x6B3E0000	0x00008000	0x6B3E2220
C:\Windows\System32\NSI.dll	21240	0x76DC0000	0x00007000	0x76DC1E60
C:\Windows\SYSTEM32\MSASN1.dll	51688	0x742B0000	0x0000E000	0x742B5910
D:\modpack_iarna_2024\modloader\.data\plugins\gta3\std.asi.dll	298496	0x68FE0000	0x0004F000	0x690029CC
C:\Windows\System32\WINTRUST.dll	311952	0x77110000	0x0004C000	0x77126410
D:\modpack_iarna_2024\modloader\.data\plugins\gta3\std.bank.dll	293888	0x68F90000	0x0004F000	0x68FAE5D7
D:\modpack_iarna_2024\modloader\.data\plugins\gta3\std.data.dll	3527680	0x64520000	0x00364000	0x64743D47
D:\modpack_iarna_2024\modloader\.data\plugins\gta3\std.fx.dll	399872	0x68F20000	0x00067000	0x68F4E370
D:\modpack_iarna_2024\modloader\.data\plugins\gta3\std.movies.dll	174080	0x6B4D0000	0x00030000	0x6B4DF2F3
D:\modpack_iarna_2024\modloader\.data\plugins\gta3\std.scm.dll	174080	0x6B3F0000	0x00030000	0x6B3FF18D
D:\modpack_iarna_2024\modloader\.data\plugins\gta3\std.sprites.dll	482304	0x68EA0000	0x0007B000	0x68ED014A
C:\Windows\SYSTEM32\DNSAPI.dll	583168	0x6F3A0000	0x00090000	0x6F3B2FD0
D:\modpack_iarna_2024\modloader\.data\plugins\gta3\std.stream.dll	591360	0x68E00000	0x00097000	0x68E48128
C:\Windows\System32\rasadhlp.dll	12800	0x6F310000	0x00008000	0x6F311960
D:\modpack_iarna_2024\modloader\.data\plugins\gta3\std.text.dll	206336	0x68DC0000	0x00037000	0x68DD2BCE
D:\modpack_iarna_2024\modloader\.data\plugins\gta3\std.tracks.dll	212992	0x68D80000	0x00039000	0x68D952EA
C:\Windows\System32\fwpuclnt.dll	343552	0x6F0A0000	0x00058000	0x6F0B9400
D:\modpack_iarna_2024\modloader\aim\imcamaim.sa.asi	140288	0x68BA0000	0x00044000	0x68BA3B38
D:\modpack_iarna_2024\modloader\masini\bike\bikearmfix.asi	53760	0x68D60000	0x00011000	0x68D613A7
D:\modpack_iarna_2024\modloader\skybox\cleo\sightdistance_by_0x688.cleo	16896	0x6B4C0000	0x00008000	0x6B4C3120
C:\Windows\WinSxS\x86_microsoft.vc90.crt_1fc8b3b9a1e18e3b_9.0.30729.9625_none_508ef7e4bcbbe589\MSVCR90.dll	656248	0x64E50000	0x000A3000	0x64E72D40
C:\Windows\system32\uxtheme.dll	454144	0x73910000	0x00074000	0x73947390
C:\Windows\System32\schannel.dll	488960	0x6EF70000	0x0007C000	0x6EF95BC0
C:\Windows\SYSTEM32\cryptnet.dll	146344	0x72790000	0x00026000	0x7279DBA0
C:\Windows\SYSTEM32\drvstore.dll	1038720	0x72690000	0x00100000	0x726C62A0
C:\Windows\SYSTEM32\devobj.dll	160664	0x72E50000	0x00029000	0x72E5A0D0
C:\Windows\System32\imagehlp.dll	96568	0x75A20000	0x00019000	0x75A26560
C:\Windows\SYSTEM32\mskeyprotect.dll	49664	0x6EF60000	0x00010000	0x6EF631C0
C:\Windows\SYSTEM32\NTASN1.dll	162680	0x6EF30000	0x00028000	0x6EF45950
C:\Windows\SYSTEM32\ncrypt.dll	131208	0x6EF00000	0x00021000	0x6EF08730
C:\Windows\system32\ncryptsslp.dll	118296	0x6EE10000	0x0001F000	0x6EE19BF0
C:\Windows\system32\nvspcap.dll	2235944	0x614A0000	0x0022A000	0x614A6ADC
C:\Windows\SYSTEM32\ntmarta.dll	154080	0x725E0000	0x00029000	0x725E7E90
C:\Windows\SYSTEM32\gpapi.dll	112120	0x70EE0000	0x0001E000	0x70EE95F0
C:\Windows\SYSTEM32\DINPUT8.dll	171008	0x6F8C0000	0x00037000	0x6F8C7F90
C:\Windows\SYSTEM32\inputhost.dll	968568	0x6F7D0000	0x000ED000	0x6F895EB0
C:\Windows\SYSTEM32\wintypes.dll	900272	0x71D80000	0x000DC000	0x71DF8EC0
C:\Windows\SYSTEM32\CoreMessaging.dll	631784	0x71E60000	0x0009B000	0x71EC0F60
C:\Windows\SYSTEM32\PROPSYS.dll	792984	0x71C10000	0x000C2000	0x71C70B90
C:\Windows\SYSTEM32\CoreUIComponents.dll	2623336	0x71F00000	0x0027F000	0x71F5EBA0
C:\Windows\SYSTEM32\dxcore.dll	164400	0x6EDE0000	0x0002C000	0x6EDFA4D0
C:\Windows\SYSTEM32\nvapi.dll	6738544	0x727C0000	0x0068D000	0x72BC82C9
C:\Windows\SYSTEM32\DDRAW.dll	527360	0x64430000	0x000E9000	0x644412A0
C:\Windows\SYSTEM32\dxgi.dll	785176	0x70370000	0x000C2000	0x703A4290
C:\Windows\SYSTEM32\DCIMAN32.dll	11776	0x68D50000	0x00007000	0x68D52020
C:\Windows\SYSTEM32\DSOUND.dll	493568	0x68B20000	0x0007F000	0x68B4F300
C:\Windows\SYSTEM32\powrprof.dll	269168	0x73320000	0x00044000	0x73326ED0
C:\Windows\SYSTEM32\UMPDC.dll	48552	0x73310000	0x0000D000	0x73317560
C:\Windows\System32\clbcatq.dll	505736	0x75ED0000	0x0007E000	0x75F3BDA0
C:\Windows\System32\MMDevApi.dll	422552	0x6DA60000	0x0006B000	0x6DA85ED0
C:\Windows\SYSTEM32\AUDIOSES.DLL	1259440	0x57170000	0x00136000	0x571B3040
C:\Windows\SYSTEM32\resourcepolicyclient.dll	53760	0x52950000	0x0000F000	0x529542F0
C:\Windows\System32\MSCTF.dll	861016	0x75C50000	0x000D4000	0x75C9DBC0
C:\Windows\SYSTEM32\avrt.DLL	28408	0x6B480000	0x00008000	0x6B481AA0
C:\Windows\SYSTEM32\HID.DLL	25600	0x725D0000	0x0000A000	0x725D1BB0
C:\Windows\System32\DriverStore\FileRepository\nv_dispig.inf_amd64_4e58e7ac1d277d04\nvldumd.dll	618712	0x6B9A0000	0x00094000	0x6B9CDC00
C:\Windows\System32\DriverStore\FileRepository\nv_dispig.inf_amd64_4e58e7ac1d277d04\nvd3dum.dll	47930320	0x14030000	0x02D5B000	0x1525A260
C:\Windows\SYSTEM32\XINPUT9_1_0.dll	9216	0x6F710000	0x00007000	0x6F711810
C:\Windows\System32\DriverStore\FileRepository\nv_dispig.inf_amd64_4e58e7ac1d277d04\nvwgf2um.dll	61514816	0x182F0000	0x03A59000	0x1833FF50
C:\Windows\SYSTEM32\TextShaping.dll	613680	0x71CE0000	0x00095000	0x71D6F2F0
C:\Windows\SYSTEM32\textinputframework.dll	757864	0x72180000	0x000BA000	0x721C0910
D:\modpack_iarna_2024\moonloader\libstd\iconv.dll	1000960	0x60860000	0x000F9000	0x60872F0C
D:\modpack_iarna_2024\moonloader\lib\mimgui\cimguidx9.DLL	543744	0x64DC0000	0x0008F000	0x64E20B25
C:\Windows\System32\Windows.UI.dll	999424	0x6DD90000	0x000F3000	0x6DDEB230
C:\Windows\System32\WindowManagementAPI.dll	469624	0x1DDF0000	0x00073000	0x1DE4ED30
C:\Windows\SYSTEM32\twinapi.appcore.dll	1658000	0x6DB70000	0x00194000	0x6DBF44F0
C:\Windows\SYSTEM32\wmvcore.dll	2138320	0x60650000	0x0020D000	0x6068DA40
C:\Windows\SYSTEM32\mfperfhelper.dll	1075528	0x6CAD0000	0x00106000	0x6CBBC3B0
C:\Windows\SYSTEM32\WMASF.DLL	247344	0x689E0000	0x0003D000	0x68A15DC0
C:\Windows\system32\mlang.dll	198656	0x60610000	0x00034000	0x60620580
C:\Program Files (x86)\NVIDIA Corporation\NvContainer\MessageBus.dll	5679040	0x6FE00000	0x0056F000	0x700E3330
C:\Windows\SYSTEM32\dhcpcsvc.DLL	73728	0x6F900000	0x00016000	0x6F9042F0
C:\Windows\system32\napinsp.dll	54784	0x6F380000	0x00011000	0x6F382A90
C:\Windows\system32\pnrpnsp.dll	70656	0x6F360000	0x00016000	0x6F363240
C:\Windows\system32\wshbth.dll	50688	0x6F350000	0x00010000	0x6F3583B0
C:\Windows\system32\NLAapi.dll	71168	0x6F330000	0x00016000	0x6F3371B0
C:\Windows\System32\winrnr.dll	34304	0x6F320000	0x0000E000	0x6F321FA0
Game terminated.